The system is: Linux - 2.6.32-696.1.1.el6.x86_64 - x86_64
Compiling the CXX compiler identification source file "CMakeCXXCompilerId.cpp" succeeded.
Compiler: /projects/sierra/linux_rh6/SDK/compilers/gcc/7.2.0-RHEL6/bin/c++ 
Build flags: 
Id flags:  

The output was:
0


Compilation of the CXX compiler identification source "CMakeCXXCompilerId.cpp" produced "a.out"

The CXX compiler identification is GNU, found in "/ascldap/users/jbruss/plato/src/analyze/CMakeFiles/3.12.2/CompilerIdCXX/a.out"

Determining if the CXX compiler works passed with the following output:
Change Dir: /ascldap/users/jbruss/plato/src/analyze/CMakeFiles/CMakeTmp

Run Build Command:"/usr/bin/gmake" "cmTC_70e15/fast"
/usr/bin/gmake -f CMakeFiles/cmTC_70e15.dir/build.make CMakeFiles/cmTC_70e15.dir/build
gmake[1]: Entering directory `/home/jbruss/plato/src/analyze/CMakeFiles/CMakeTmp'
Building CXX object CMakeFiles/cmTC_70e15.dir/testCXXCompiler.cxx.o
/projects/sierra/linux_rh6/SDK/compilers/gcc/7.2.0-RHEL6/bin/c++     -o CMakeFiles/cmTC_70e15.dir/testCXXCompiler.cxx.o -c /ascldap/users/jbruss/plato/src/analyze/CMakeFiles/CMakeTmp/testCXXCompiler.cxx
Linking CXX executable cmTC_70e15
/projects/sierra/linux_rh6/install/cmake/3.12.2/bin/cmake -E cmake_link_script CMakeFiles/cmTC_70e15.dir/link.txt --verbose=1
/projects/sierra/linux_rh6/SDK/compilers/gcc/7.2.0-RHEL6/bin/c++       -rdynamic CMakeFiles/cmTC_70e15.dir/testCXXCompiler.cxx.o  -o cmTC_70e15 
gmake[1]: Leaving directory `/home/jbruss/plato/src/analyze/CMakeFiles/CMakeTmp'


Detecting CXX compiler ABI info compiled with the following output:
Change Dir: /ascldap/users/jbruss/plato/src/analyze/CMakeFiles/CMakeTmp

Run Build Command:"/usr/bin/gmake" "cmTC_464c9/fast"
/usr/bin/gmake -f CMakeFiles/cmTC_464c9.dir/build.make CMakeFiles/cmTC_464c9.dir/build
gmake[1]: Entering directory `/home/jbruss/plato/src/analyze/CMakeFiles/CMakeTmp'
Building CXX object CMakeFiles/cmTC_464c9.dir/CMakeCXXCompilerABI.cpp.o
/projects/sierra/linux_rh6/SDK/compilers/gcc/7.2.0-RHEL6/bin/c++     -o CMakeFiles/cmTC_464c9.dir/CMakeCXXCompilerABI.cpp.o -c /projects/sierra/linux_rh6/install/cmake/3.12.2/share/cmake-3.12/Modules/CMakeCXXCompilerABI.cpp
Linking CXX executable cmTC_464c9
/projects/sierra/linux_rh6/install/cmake/3.12.2/bin/cmake -E cmake_link_script CMakeFiles/cmTC_464c9.dir/link.txt --verbose=1
/projects/sierra/linux_rh6/SDK/compilers/gcc/7.2.0-RHEL6/bin/c++      -v -rdynamic CMakeFiles/cmTC_464c9.dir/CMakeCXXCompilerABI.cpp.o  -o cmTC_464c9 
Using built-in specs.
COLLECT_GCC=/projects/sierra/linux_rh6/SDK/compilers/gcc/7.2.0-RHEL6/bin/c++
COLLECT_LTO_WRAPPER=/sierra/sntools/SDK/compilers/gcc/7.2.0-RHEL6/libexec/gcc/x86_64-pc-linux-gnu/7.2.0/lto-wrapper
Target: x86_64-pc-linux-gnu
Configured with: /sierra/sntools/extras/build/gcc-7.2.0-src/configure --enable-languages=c,c++,fortran --with-mpfr=/sierra/sntools/SDK/compilers/gcc/7.2.0-RHEL6 --with-gmp=/sierra/sntools/SDK/compilers/gcc/7.2.0-RHEL6 --with-mpc=/sierra/sntools/SDK/compilers/gcc/7.2.0-RHEL6 --disable-multilib --prefix=/sierra/sntools/SDK/compilers/gcc/7.2.0-RHEL6
Thread model: posix
gcc version 7.2.0 (GCC) 
COMPILER_PATH=/sierra/sntools/SDK/compilers/gcc/7.2.0-RHEL6/libexec/gcc/x86_64-pc-linux-gnu/7.2.0/:/sierra/sntools/SDK/compilers/gcc/7.2.0-RHEL6/libexec/gcc/x86_64-pc-linux-gnu/7.2.0/:/sierra/sntools/SDK/compilers/gcc/7.2.0-RHEL6/libexec/gcc/x86_64-pc-linux-gnu/:/sierra/sntools/SDK/compilers/gcc/7.2.0-RHEL6/lib/gcc/x86_64-pc-linux-gnu/7.2.0/:/sierra/sntools/SDK/compilers/gcc/7.2.0-RHEL6/lib/gcc/x86_64-pc-linux-gnu/
LIBRARY_PATH=/sierra/sntools/SDK/compilers/gcc/7.2.0-RHEL6/lib/gcc/x86_64-pc-linux-gnu/7.2.0/:/sierra/sntools/SDK/compilers/gcc/7.2.0-RHEL6/lib/gcc/x86_64-pc-linux-gnu/7.2.0/../../../../lib64/:/lib/../lib64/:/usr/lib/../lib64/:/sierra/sntools/SDK/compilers/gcc/7.2.0-RHEL6/lib/gcc/x86_64-pc-linux-gnu/7.2.0/../../../:/lib/:/usr/lib/
COLLECT_GCC_OPTIONS='-v' '-rdynamic' '-o' 'cmTC_464c9' '-shared-libgcc' '-mtune=generic' '-march=x86-64'
 /sierra/sntools/SDK/compilers/gcc/7.2.0-RHEL6/libexec/gcc/x86_64-pc-linux-gnu/7.2.0/collect2 --eh-frame-hdr -m elf_x86_64 -export-dynamic -dynamic-linker /lib64/ld-linux-x86-64.so.2 -o cmTC_464c9 /usr/lib/../lib64/crt1.o /usr/lib/../lib64/crti.o /sierra/sntools/SDK/compilers/gcc/7.2.0-RHEL6/lib/gcc/x86_64-pc-linux-gnu/7.2.0/crtbegin.o -L/sierra/sntools/SDK/compilers/gcc/7.2.0-RHEL6/lib/gcc/x86_64-pc-linux-gnu/7.2.0 -L/sierra/sntools/SDK/compilers/gcc/7.2.0-RHEL6/lib/gcc/x86_64-pc-linux-gnu/7.2.0/../../../../lib64 -L/lib/../lib64 -L/usr/lib/../lib64 -L/sierra/sntools/SDK/compilers/gcc/7.2.0-RHEL6/lib/gcc/x86_64-pc-linux-gnu/7.2.0/../../.. CMakeFiles/cmTC_464c9.dir/CMakeCXXCompilerABI.cpp.o -lstdc++ -lm -lgcc_s -lgcc -lc -lgcc_s -lgcc /sierra/sntools/SDK/compilers/gcc/7.2.0-RHEL6/lib/gcc/x86_64-pc-linux-gnu/7.2.0/crtend.o /usr/lib/../lib64/crtn.o
COLLECT_GCC_OPTIONS='-v' '-rdynamic' '-o' 'cmTC_464c9' '-shared-libgcc' '-mtune=generic' '-march=x86-64'
gmake[1]: Leaving directory `/home/jbruss/plato/src/analyze/CMakeFiles/CMakeTmp'


Parsed CXX implicit link information from above output:
  link line regex: [^( *|.*[/\])(ld|CMAKE_LINK_STARTFILE-NOTFOUND|([^/\]+-)?ld|collect2)[^/\]*( |$)]
  ignore line: [Change Dir: /ascldap/users/jbruss/plato/src/analyze/CMakeFiles/CMakeTmp]
  ignore line: []
  ignore line: [Run Build Command:"/usr/bin/gmake" "cmTC_464c9/fast"]
  ignore line: [/usr/bin/gmake -f CMakeFiles/cmTC_464c9.dir/build.make CMakeFiles/cmTC_464c9.dir/build]
  ignore line: [gmake[1]: Entering directory `/home/jbruss/plato/src/analyze/CMakeFiles/CMakeTmp']
  ignore line: [Building CXX object CMakeFiles/cmTC_464c9.dir/CMakeCXXCompilerABI.cpp.o]
  ignore line: [/projects/sierra/linux_rh6/SDK/compilers/gcc/7.2.0-RHEL6/bin/c++     -o CMakeFiles/cmTC_464c9.dir/CMakeCXXCompilerABI.cpp.o -c /projects/sierra/linux_rh6/install/cmake/3.12.2/share/cmake-3.12/Modules/CMakeCXXCompilerABI.cpp]
  ignore line: [Linking CXX executable cmTC_464c9]
  ignore line: [/projects/sierra/linux_rh6/install/cmake/3.12.2/bin/cmake -E cmake_link_script CMakeFiles/cmTC_464c9.dir/link.txt --verbose=1]
  ignore line: [/projects/sierra/linux_rh6/SDK/compilers/gcc/7.2.0-RHEL6/bin/c++      -v -rdynamic CMakeFiles/cmTC_464c9.dir/CMakeCXXCompilerABI.cpp.o  -o cmTC_464c9 ]
  ignore line: [Using built-in specs.]
  ignore line: [COLLECT_GCC=/projects/sierra/linux_rh6/SDK/compilers/gcc/7.2.0-RHEL6/bin/c++]
  ignore line: [COLLECT_LTO_WRAPPER=/sierra/sntools/SDK/compilers/gcc/7.2.0-RHEL6/libexec/gcc/x86_64-pc-linux-gnu/7.2.0/lto-wrapper]
  ignore line: [Target: x86_64-pc-linux-gnu]
  ignore line: [Configured with: /sierra/sntools/extras/build/gcc-7.2.0-src/configure --enable-languages=c,c++,fortran --with-mpfr=/sierra/sntools/SDK/compilers/gcc/7.2.0-RHEL6 --with-gmp=/sierra/sntools/SDK/compilers/gcc/7.2.0-RHEL6 --with-mpc=/sierra/sntools/SDK/compilers/gcc/7.2.0-RHEL6 --disable-multilib --prefix=/sierra/sntools/SDK/compilers/gcc/7.2.0-RHEL6]
  ignore line: [Thread model: posix]
  ignore line: [gcc version 7.2.0 (GCC) ]
  ignore line: [COMPILER_PATH=/sierra/sntools/SDK/compilers/gcc/7.2.0-RHEL6/libexec/gcc/x86_64-pc-linux-gnu/7.2.0/:/sierra/sntools/SDK/compilers/gcc/7.2.0-RHEL6/libexec/gcc/x86_64-pc-linux-gnu/7.2.0/:/sierra/sntools/SDK/compilers/gcc/7.2.0-RHEL6/libexec/gcc/x86_64-pc-linux-gnu/:/sierra/sntools/SDK/compilers/gcc/7.2.0-RHEL6/lib/gcc/x86_64-pc-linux-gnu/7.2.0/:/sierra/sntools/SDK/compilers/gcc/7.2.0-RHEL6/lib/gcc/x86_64-pc-linux-gnu/]
  ignore line: [LIBRARY_PATH=/sierra/sntools/SDK/compilers/gcc/7.2.0-RHEL6/lib/gcc/x86_64-pc-linux-gnu/7.2.0/:/sierra/sntools/SDK/compilers/gcc/7.2.0-RHEL6/lib/gcc/x86_64-pc-linux-gnu/7.2.0/../../../../lib64/:/lib/../lib64/:/usr/lib/../lib64/:/sierra/sntools/SDK/compilers/gcc/7.2.0-RHEL6/lib/gcc/x86_64-pc-linux-gnu/7.2.0/../../../:/lib/:/usr/lib/]
  ignore line: [COLLECT_GCC_OPTIONS='-v' '-rdynamic' '-o' 'cmTC_464c9' '-shared-libgcc' '-mtune=generic' '-march=x86-64']
  link line: [ /sierra/sntools/SDK/compilers/gcc/7.2.0-RHEL6/libexec/gcc/x86_64-pc-linux-gnu/7.2.0/collect2 --eh-frame-hdr -m elf_x86_64 -export-dynamic -dynamic-linker /lib64/ld-linux-x86-64.so.2 -o cmTC_464c9 /usr/lib/../lib64/crt1.o /usr/lib/../lib64/crti.o /sierra/sntools/SDK/compilers/gcc/7.2.0-RHEL6/lib/gcc/x86_64-pc-linux-gnu/7.2.0/crtbegin.o -L/sierra/sntools/SDK/compilers/gcc/7.2.0-RHEL6/lib/gcc/x86_64-pc-linux-gnu/7.2.0 -L/sierra/sntools/SDK/compilers/gcc/7.2.0-RHEL6/lib/gcc/x86_64-pc-linux-gnu/7.2.0/../../../../lib64 -L/lib/../lib64 -L/usr/lib/../lib64 -L/sierra/sntools/SDK/compilers/gcc/7.2.0-RHEL6/lib/gcc/x86_64-pc-linux-gnu/7.2.0/../../.. CMakeFiles/cmTC_464c9.dir/CMakeCXXCompilerABI.cpp.o -lstdc++ -lm -lgcc_s -lgcc -lc -lgcc_s -lgcc /sierra/sntools/SDK/compilers/gcc/7.2.0-RHEL6/lib/gcc/x86_64-pc-linux-gnu/7.2.0/crtend.o /usr/lib/../lib64/crtn.o]
    arg [/sierra/sntools/SDK/compilers/gcc/7.2.0-RHEL6/libexec/gcc/x86_64-pc-linux-gnu/7.2.0/collect2] ==> ignore
    arg [--eh-frame-hdr] ==> ignore
    arg [-m] ==> ignore
    arg [elf_x86_64] ==> ignore
    arg [-export-dynamic] ==> ignore
    arg [-dynamic-linker] ==> ignore
    arg [/lib64/ld-linux-x86-64.so.2] ==> ignore
    arg [-o] ==> ignore
    arg [cmTC_464c9] ==> ignore
    arg [/usr/lib/../lib64/crt1.o] ==> ignore
    arg [/usr/lib/../lib64/crti.o] ==> ignore
    arg [/sierra/sntools/SDK/compilers/gcc/7.2.0-RHEL6/lib/gcc/x86_64-pc-linux-gnu/7.2.0/crtbegin.o] ==> ignore
    arg [-L/sierra/sntools/SDK/compilers/gcc/7.2.0-RHEL6/lib/gcc/x86_64-pc-linux-gnu/7.2.0] ==> dir [/sierra/sntools/SDK/compilers/gcc/7.2.0-RHEL6/lib/gcc/x86_64-pc-linux-gnu/7.2.0]
    arg [-L/sierra/sntools/SDK/compilers/gcc/7.2.0-RHEL6/lib/gcc/x86_64-pc-linux-gnu/7.2.0/../../../../lib64] ==> dir [/sierra/sntools/SDK/compilers/gcc/7.2.0-RHEL6/lib/gcc/x86_64-pc-linux-gnu/7.2.0/../../../../lib64]
    arg [-L/lib/../lib64] ==> dir [/lib/../lib64]
    arg [-L/usr/lib/../lib64] ==> dir [/usr/lib/../lib64]
    arg [-L/sierra/sntools/SDK/compilers/gcc/7.2.0-RHEL6/lib/gcc/x86_64-pc-linux-gnu/7.2.0/../../..] ==> dir [/sierra/sntools/SDK/compilers/gcc/7.2.0-RHEL6/lib/gcc/x86_64-pc-linux-gnu/7.2.0/../../..]
    arg [CMakeFiles/cmTC_464c9.dir/CMakeCXXCompilerABI.cpp.o] ==> ignore
    arg [-lstdc++] ==> lib [stdc++]
    arg [-lm] ==> lib [m]
    arg [-lgcc_s] ==> lib [gcc_s]
    arg [-lgcc] ==> lib [gcc]
    arg [-lc] ==> lib [c]
    arg [-lgcc_s] ==> lib [gcc_s]
    arg [-lgcc] ==> lib [gcc]
    arg [/sierra/sntools/SDK/compilers/gcc/7.2.0-RHEL6/lib/gcc/x86_64-pc-linux-gnu/7.2.0/crtend.o] ==> ignore
    arg [/usr/lib/../lib64/crtn.o] ==> ignore
  collapse library dir [/sierra/sntools/SDK/compilers/gcc/7.2.0-RHEL6/lib/gcc/x86_64-pc-linux-gnu/7.2.0] ==> [/sierra/sntools/SDK/compilers/gcc/7.2.0-RHEL6/lib/gcc/x86_64-pc-linux-gnu/7.2.0]
  collapse library dir [/sierra/sntools/SDK/compilers/gcc/7.2.0-RHEL6/lib/gcc/x86_64-pc-linux-gnu/7.2.0/../../../../lib64] ==> [/sierra/sntools/SDK/compilers/gcc/7.2.0-RHEL6/lib64]
  collapse library dir [/lib/../lib64] ==> [/lib64]
  collapse library dir [/usr/lib/../lib64] ==> [/usr/lib64]
  collapse library dir [/sierra/sntools/SDK/compilers/gcc/7.2.0-RHEL6/lib/gcc/x86_64-pc-linux-gnu/7.2.0/../../..] ==> [/sierra/sntools/SDK/compilers/gcc/7.2.0-RHEL6/lib]
  implicit libs: [stdc++;m;gcc_s;gcc;c;gcc_s;gcc]
  implicit dirs: [/sierra/sntools/SDK/compilers/gcc/7.2.0-RHEL6/lib/gcc/x86_64-pc-linux-gnu/7.2.0;/sierra/sntools/SDK/compilers/gcc/7.2.0-RHEL6/lib64;/lib64;/usr/lib64;/sierra/sntools/SDK/compilers/gcc/7.2.0-RHEL6/lib]
  implicit fwks: []




Detecting CXX [-std=c++1z] compiler features compiled with the following output:
Change Dir: /ascldap/users/jbruss/plato/src/analyze/CMakeFiles/CMakeTmp

Run Build Command:"/usr/bin/gmake" "cmTC_117f5/fast"
/usr/bin/gmake -f CMakeFiles/cmTC_117f5.dir/build.make CMakeFiles/cmTC_117f5.dir/build
gmake[1]: Entering directory `/home/jbruss/plato/src/analyze/CMakeFiles/CMakeTmp'
Building CXX object CMakeFiles/cmTC_117f5.dir/feature_tests.cxx.o
/projects/sierra/linux_rh6/SDK/compilers/gcc/7.2.0-RHEL6/bin/c++    -std=c++1z -o CMakeFiles/cmTC_117f5.dir/feature_tests.cxx.o -c /ascldap/users/jbruss/plato/src/analyze/CMakeFiles/feature_tests.cxx
Linking CXX executable cmTC_117f5
/projects/sierra/linux_rh6/install/cmake/3.12.2/bin/cmake -E cmake_link_script CMakeFiles/cmTC_117f5.dir/link.txt --verbose=1
/projects/sierra/linux_rh6/SDK/compilers/gcc/7.2.0-RHEL6/bin/c++       -rdynamic CMakeFiles/cmTC_117f5.dir/feature_tests.cxx.o  -o cmTC_117f5 
gmake[1]: Leaving directory `/home/jbruss/plato/src/analyze/CMakeFiles/CMakeTmp'


    Feature record: CXX_FEATURE:1cxx_aggregate_default_initializers
    Feature record: CXX_FEATURE:1cxx_alias_templates
    Feature record: CXX_FEATURE:1cxx_alignas
    Feature record: CXX_FEATURE:1cxx_alignof
    Feature record: CXX_FEATURE:1cxx_attributes
    Feature record: CXX_FEATURE:1cxx_attribute_deprecated
    Feature record: CXX_FEATURE:1cxx_auto_type
    Feature record: CXX_FEATURE:1cxx_binary_literals
    Feature record: CXX_FEATURE:1cxx_constexpr
    Feature record: CXX_FEATURE:1cxx_contextual_conversions
    Feature record: CXX_FEATURE:1cxx_decltype
    Feature record: CXX_FEATURE:1cxx_decltype_auto
    Feature record: CXX_FEATURE:1cxx_decltype_incomplete_return_types
    Feature record: CXX_FEATURE:1cxx_default_function_template_args
    Feature record: CXX_FEATURE:1cxx_defaulted_functions
    Feature record: CXX_FEATURE:1cxx_defaulted_move_initializers
    Feature record: CXX_FEATURE:1cxx_delegating_constructors
    Feature record: CXX_FEATURE:1cxx_deleted_functions
    Feature record: CXX_FEATURE:1cxx_digit_separators
    Feature record: CXX_FEATURE:1cxx_enum_forward_declarations
    Feature record: CXX_FEATURE:1cxx_explicit_conversions
    Feature record: CXX_FEATURE:1cxx_extended_friend_declarations
    Feature record: CXX_FEATURE:1cxx_extern_templates
    Feature record: CXX_FEATURE:1cxx_final
    Feature record: CXX_FEATURE:1cxx_func_identifier
    Feature record: CXX_FEATURE:1cxx_generalized_initializers
    Feature record: CXX_FEATURE:1cxx_generic_lambdas
    Feature record: CXX_FEATURE:1cxx_inheriting_constructors
    Feature record: CXX_FEATURE:1cxx_inline_namespaces
    Feature record: CXX_FEATURE:1cxx_lambdas
    Feature record: CXX_FEATURE:1cxx_lambda_init_captures
    Feature record: CXX_FEATURE:1cxx_local_type_template_args
    Feature record: CXX_FEATURE:1cxx_long_long_type
    Feature record: CXX_FEATURE:1cxx_noexcept
    Feature record: CXX_FEATURE:1cxx_nonstatic_member_init
    Feature record: CXX_FEATURE:1cxx_nullptr
    Feature record: CXX_FEATURE:1cxx_override
    Feature record: CXX_FEATURE:1cxx_range_for
    Feature record: CXX_FEATURE:1cxx_raw_string_literals
    Feature record: CXX_FEATURE:1cxx_reference_qualified_functions
    Feature record: CXX_FEATURE:1cxx_relaxed_constexpr
    Feature record: CXX_FEATURE:1cxx_return_type_deduction
    Feature record: CXX_FEATURE:1cxx_right_angle_brackets
    Feature record: CXX_FEATURE:1cxx_rvalue_references
    Feature record: CXX_FEATURE:1cxx_sizeof_member
    Feature record: CXX_FEATURE:1cxx_static_assert
    Feature record: CXX_FEATURE:1cxx_strong_enums
    Feature record: CXX_FEATURE:1cxx_template_template_parameters
    Feature record: CXX_FEATURE:1cxx_thread_local
    Feature record: CXX_FEATURE:1cxx_trailing_return_types
    Feature record: CXX_FEATURE:1cxx_unicode_literals
    Feature record: CXX_FEATURE:1cxx_uniform_initialization
    Feature record: CXX_FEATURE:1cxx_unrestricted_unions
    Feature record: CXX_FEATURE:1cxx_user_literals
    Feature record: CXX_FEATURE:1cxx_variable_templates
    Feature record: CXX_FEATURE:1cxx_variadic_macros
    Feature record: CXX_FEATURE:1cxx_variadic_templates


Detecting CXX [-std=c++14] compiler features compiled with the following output:
Change Dir: /ascldap/users/jbruss/plato/src/analyze/CMakeFiles/CMakeTmp

Run Build Command:"/usr/bin/gmake" "cmTC_8473d/fast"
/usr/bin/gmake -f CMakeFiles/cmTC_8473d.dir/build.make CMakeFiles/cmTC_8473d.dir/build
gmake[1]: Entering directory `/home/jbruss/plato/src/analyze/CMakeFiles/CMakeTmp'
Building CXX object CMakeFiles/cmTC_8473d.dir/feature_tests.cxx.o
/projects/sierra/linux_rh6/SDK/compilers/gcc/7.2.0-RHEL6/bin/c++    -std=c++14 -o CMakeFiles/cmTC_8473d.dir/feature_tests.cxx.o -c /ascldap/users/jbruss/plato/src/analyze/CMakeFiles/feature_tests.cxx
Linking CXX executable cmTC_8473d
/projects/sierra/linux_rh6/install/cmake/3.12.2/bin/cmake -E cmake_link_script CMakeFiles/cmTC_8473d.dir/link.txt --verbose=1
/projects/sierra/linux_rh6/SDK/compilers/gcc/7.2.0-RHEL6/bin/c++       -rdynamic CMakeFiles/cmTC_8473d.dir/feature_tests.cxx.o  -o cmTC_8473d 
gmake[1]: Leaving directory `/home/jbruss/plato/src/analyze/CMakeFiles/CMakeTmp'


    Feature record: CXX_FEATURE:1cxx_aggregate_default_initializers
    Feature record: CXX_FEATURE:1cxx_alias_templates
    Feature record: CXX_FEATURE:1cxx_alignas
    Feature record: CXX_FEATURE:1cxx_alignof
    Feature record: CXX_FEATURE:1cxx_attributes
    Feature record: CXX_FEATURE:1cxx_attribute_deprecated
    Feature record: CXX_FEATURE:1cxx_auto_type
    Feature record: CXX_FEATURE:1cxx_binary_literals
    Feature record: CXX_FEATURE:1cxx_constexpr
    Feature record: CXX_FEATURE:1cxx_contextual_conversions
    Feature record: CXX_FEATURE:1cxx_decltype
    Feature record: CXX_FEATURE:1cxx_decltype_auto
    Feature record: CXX_FEATURE:1cxx_decltype_incomplete_return_types
    Feature record: CXX_FEATURE:1cxx_default_function_template_args
    Feature record: CXX_FEATURE:1cxx_defaulted_functions
    Feature record: CXX_FEATURE:1cxx_defaulted_move_initializers
    Feature record: CXX_FEATURE:1cxx_delegating_constructors
    Feature record: CXX_FEATURE:1cxx_deleted_functions
    Feature record: CXX_FEATURE:1cxx_digit_separators
    Feature record: CXX_FEATURE:1cxx_enum_forward_declarations
    Feature record: CXX_FEATURE:1cxx_explicit_conversions
    Feature record: CXX_FEATURE:1cxx_extended_friend_declarations
    Feature record: CXX_FEATURE:1cxx_extern_templates
    Feature record: CXX_FEATURE:1cxx_final
    Feature record: CXX_FEATURE:1cxx_func_identifier
    Feature record: CXX_FEATURE:1cxx_generalized_initializers
    Feature record: CXX_FEATURE:1cxx_generic_lambdas
    Feature record: CXX_FEATURE:1cxx_inheriting_constructors
    Feature record: CXX_FEATURE:1cxx_inline_namespaces
    Feature record: CXX_FEATURE:1cxx_lambdas
    Feature record: CXX_FEATURE:1cxx_lambda_init_captures
    Feature record: CXX_FEATURE:1cxx_local_type_template_args
    Feature record: CXX_FEATURE:1cxx_long_long_type
    Feature record: CXX_FEATURE:1cxx_noexcept
    Feature record: CXX_FEATURE:1cxx_nonstatic_member_init
    Feature record: CXX_FEATURE:1cxx_nullptr
    Feature record: CXX_FEATURE:1cxx_override
    Feature record: CXX_FEATURE:1cxx_range_for
    Feature record: CXX_FEATURE:1cxx_raw_string_literals
    Feature record: CXX_FEATURE:1cxx_reference_qualified_functions
    Feature record: CXX_FEATURE:1cxx_relaxed_constexpr
    Feature record: CXX_FEATURE:1cxx_return_type_deduction
    Feature record: CXX_FEATURE:1cxx_right_angle_brackets
    Feature record: CXX_FEATURE:1cxx_rvalue_references
    Feature record: CXX_FEATURE:1cxx_sizeof_member
    Feature record: CXX_FEATURE:1cxx_static_assert
    Feature record: CXX_FEATURE:1cxx_strong_enums
    Feature record: CXX_FEATURE:1cxx_template_template_parameters
    Feature record: CXX_FEATURE:1cxx_thread_local
    Feature record: CXX_FEATURE:1cxx_trailing_return_types
    Feature record: CXX_FEATURE:1cxx_unicode_literals
    Feature record: CXX_FEATURE:1cxx_uniform_initialization
    Feature record: CXX_FEATURE:1cxx_unrestricted_unions
    Feature record: CXX_FEATURE:1cxx_user_literals
    Feature record: CXX_FEATURE:1cxx_variable_templates
    Feature record: CXX_FEATURE:1cxx_variadic_macros
    Feature record: CXX_FEATURE:1cxx_variadic_templates


Detecting CXX [-std=c++11] compiler features compiled with the following output:
Change Dir: /ascldap/users/jbruss/plato/src/analyze/CMakeFiles/CMakeTmp

Run Build Command:"/usr/bin/gmake" "cmTC_78cc7/fast"
/usr/bin/gmake -f CMakeFiles/cmTC_78cc7.dir/build.make CMakeFiles/cmTC_78cc7.dir/build
gmake[1]: Entering directory `/home/jbruss/plato/src/analyze/CMakeFiles/CMakeTmp'
Building CXX object CMakeFiles/cmTC_78cc7.dir/feature_tests.cxx.o
/projects/sierra/linux_rh6/SDK/compilers/gcc/7.2.0-RHEL6/bin/c++    -std=c++11 -o CMakeFiles/cmTC_78cc7.dir/feature_tests.cxx.o -c /ascldap/users/jbruss/plato/src/analyze/CMakeFiles/feature_tests.cxx
Linking CXX executable cmTC_78cc7
/projects/sierra/linux_rh6/install/cmake/3.12.2/bin/cmake -E cmake_link_script CMakeFiles/cmTC_78cc7.dir/link.txt --verbose=1
/projects/sierra/linux_rh6/SDK/compilers/gcc/7.2.0-RHEL6/bin/c++       -rdynamic CMakeFiles/cmTC_78cc7.dir/feature_tests.cxx.o  -o cmTC_78cc7 
gmake[1]: Leaving directory `/home/jbruss/plato/src/analyze/CMakeFiles/CMakeTmp'


    Feature record: CXX_FEATURE:0cxx_aggregate_default_initializers
    Feature record: CXX_FEATURE:1cxx_alias_templates
    Feature record: CXX_FEATURE:1cxx_alignas
    Feature record: CXX_FEATURE:1cxx_alignof
    Feature record: CXX_FEATURE:1cxx_attributes
    Feature record: CXX_FEATURE:0cxx_attribute_deprecated
    Feature record: CXX_FEATURE:1cxx_auto_type
    Feature record: CXX_FEATURE:0cxx_binary_literals
    Feature record: CXX_FEATURE:1cxx_constexpr
    Feature record: CXX_FEATURE:0cxx_contextual_conversions
    Feature record: CXX_FEATURE:1cxx_decltype
    Feature record: CXX_FEATURE:0cxx_decltype_auto
    Feature record: CXX_FEATURE:1cxx_decltype_incomplete_return_types
    Feature record: CXX_FEATURE:1cxx_default_function_template_args
    Feature record: CXX_FEATURE:1cxx_defaulted_functions
    Feature record: CXX_FEATURE:1cxx_defaulted_move_initializers
    Feature record: CXX_FEATURE:1cxx_delegating_constructors
    Feature record: CXX_FEATURE:1cxx_deleted_functions
    Feature record: CXX_FEATURE:0cxx_digit_separators
    Feature record: CXX_FEATURE:1cxx_enum_forward_declarations
    Feature record: CXX_FEATURE:1cxx_explicit_conversions
    Feature record: CXX_FEATURE:1cxx_extended_friend_declarations
    Feature record: CXX_FEATURE:1cxx_extern_templates
    Feature record: CXX_FEATURE:1cxx_final
    Feature record: CXX_FEATURE:1cxx_func_identifier
    Feature record: CXX_FEATURE:1cxx_generalized_initializers
    Feature record: CXX_FEATURE:0cxx_generic_lambdas
    Feature record: CXX_FEATURE:1cxx_inheriting_constructors
    Feature record: CXX_FEATURE:1cxx_inline_namespaces
    Feature record: CXX_FEATURE:1cxx_lambdas
    Feature record: CXX_FEATURE:0cxx_lambda_init_captures
    Feature record: CXX_FEATURE:1cxx_local_type_template_args
    Feature record: CXX_FEATURE:1cxx_long_long_type
    Feature record: CXX_FEATURE:1cxx_noexcept
    Feature record: CXX_FEATURE:1cxx_nonstatic_member_init
    Feature record: CXX_FEATURE:1cxx_nullptr
    Feature record: CXX_FEATURE:1cxx_override
    Feature record: CXX_FEATURE:1cxx_range_for
    Feature record: CXX_FEATURE:1cxx_raw_string_literals
    Feature record: CXX_FEATURE:1cxx_reference_qualified_functions
    Feature record: CXX_FEATURE:0cxx_relaxed_constexpr
    Feature record: CXX_FEATURE:0cxx_return_type_deduction
    Feature record: CXX_FEATURE:1cxx_right_angle_brackets
    Feature record: CXX_FEATURE:1cxx_rvalue_references
    Feature record: CXX_FEATURE:1cxx_sizeof_member
    Feature record: CXX_FEATURE:1cxx_static_assert
    Feature record: CXX_FEATURE:1cxx_strong_enums
    Feature record: CXX_FEATURE:1cxx_template_template_parameters
    Feature record: CXX_FEATURE:1cxx_thread_local
    Feature record: CXX_FEATURE:1cxx_trailing_return_types
    Feature record: CXX_FEATURE:1cxx_unicode_literals
    Feature record: CXX_FEATURE:1cxx_uniform_initialization
    Feature record: CXX_FEATURE:1cxx_unrestricted_unions
    Feature record: CXX_FEATURE:1cxx_user_literals
    Feature record: CXX_FEATURE:0cxx_variable_templates
    Feature record: CXX_FEATURE:1cxx_variadic_macros
    Feature record: CXX_FEATURE:1cxx_variadic_templates


Detecting CXX [-std=c++98] compiler features compiled with the following output:
Change Dir: /ascldap/users/jbruss/plato/src/analyze/CMakeFiles/CMakeTmp

Run Build Command:"/usr/bin/gmake" "cmTC_24f1f/fast"
/usr/bin/gmake -f CMakeFiles/cmTC_24f1f.dir/build.make CMakeFiles/cmTC_24f1f.dir/build
gmake[1]: Entering directory `/home/jbruss/plato/src/analyze/CMakeFiles/CMakeTmp'
Building CXX object CMakeFiles/cmTC_24f1f.dir/feature_tests.cxx.o
/projects/sierra/linux_rh6/SDK/compilers/gcc/7.2.0-RHEL6/bin/c++    -std=c++98 -o CMakeFiles/cmTC_24f1f.dir/feature_tests.cxx.o -c /ascldap/users/jbruss/plato/src/analyze/CMakeFiles/feature_tests.cxx
Linking CXX executable cmTC_24f1f
/projects/sierra/linux_rh6/install/cmake/3.12.2/bin/cmake -E cmake_link_script CMakeFiles/cmTC_24f1f.dir/link.txt --verbose=1
/projects/sierra/linux_rh6/SDK/compilers/gcc/7.2.0-RHEL6/bin/c++       -rdynamic CMakeFiles/cmTC_24f1f.dir/feature_tests.cxx.o  -o cmTC_24f1f 
gmake[1]: Leaving directory `/home/jbruss/plato/src/analyze/CMakeFiles/CMakeTmp'


    Feature record: CXX_FEATURE:0cxx_aggregate_default_initializers
    Feature record: CXX_FEATURE:0cxx_alias_templates
    Feature record: CXX_FEATURE:0cxx_alignas
    Feature record: CXX_FEATURE:0cxx_alignof
    Feature record: CXX_FEATURE:0cxx_attributes
    Feature record: CXX_FEATURE:0cxx_attribute_deprecated
    Feature record: CXX_FEATURE:0cxx_auto_type
    Feature record: CXX_FEATURE:0cxx_binary_literals
    Feature record: CXX_FEATURE:0cxx_constexpr
    Feature record: CXX_FEATURE:0cxx_contextual_conversions
    Feature record: CXX_FEATURE:0cxx_decltype
    Feature record: CXX_FEATURE:0cxx_decltype_auto
    Feature record: CXX_FEATURE:0cxx_decltype_incomplete_return_types
    Feature record: CXX_FEATURE:0cxx_default_function_template_args
    Feature record: CXX_FEATURE:0cxx_defaulted_functions
    Feature record: CXX_FEATURE:0cxx_defaulted_move_initializers
    Feature record: CXX_FEATURE:0cxx_delegating_constructors
    Feature record: CXX_FEATURE:0cxx_deleted_functions
    Feature record: CXX_FEATURE:0cxx_digit_separators
    Feature record: CXX_FEATURE:0cxx_enum_forward_declarations
    Feature record: CXX_FEATURE:0cxx_explicit_conversions
    Feature record: CXX_FEATURE:0cxx_extended_friend_declarations
    Feature record: CXX_FEATURE:0cxx_extern_templates
    Feature record: CXX_FEATURE:0cxx_final
    Feature record: CXX_FEATURE:0cxx_func_identifier
    Feature record: CXX_FEATURE:0cxx_generalized_initializers
    Feature record: CXX_FEATURE:0cxx_generic_lambdas
    Feature record: CXX_FEATURE:0cxx_inheriting_constructors
    Feature record: CXX_FEATURE:0cxx_inline_namespaces
    Feature record: CXX_FEATURE:0cxx_lambdas
    Feature record: CXX_FEATURE:0cxx_lambda_init_captures
    Feature record: CXX_FEATURE:0cxx_local_type_template_args
    Feature record: CXX_FEATURE:0cxx_long_long_type
    Feature record: CXX_FEATURE:0cxx_noexcept
    Feature record: CXX_FEATURE:0cxx_nonstatic_member_init
    Feature record: CXX_FEATURE:0cxx_nullptr
    Feature record: CXX_FEATURE:0cxx_override
    Feature record: CXX_FEATURE:0cxx_range_for
    Feature record: CXX_FEATURE:0cxx_raw_string_literals
    Feature record: CXX_FEATURE:0cxx_reference_qualified_functions
    Feature record: CXX_FEATURE:0cxx_relaxed_constexpr
    Feature record: CXX_FEATURE:0cxx_return_type_deduction
    Feature record: CXX_FEATURE:0cxx_right_angle_brackets
    Feature record: CXX_FEATURE:0cxx_rvalue_references
    Feature record: CXX_FEATURE:0cxx_sizeof_member
    Feature record: CXX_FEATURE:0cxx_static_assert
    Feature record: CXX_FEATURE:0cxx_strong_enums
    Feature record: CXX_FEATURE:1cxx_template_template_parameters
    Feature record: CXX_FEATURE:0cxx_thread_local
    Feature record: CXX_FEATURE:0cxx_trailing_return_types
    Feature record: CXX_FEATURE:0cxx_unicode_literals
    Feature record: CXX_FEATURE:0cxx_uniform_initialization
    Feature record: CXX_FEATURE:0cxx_unrestricted_unions
    Feature record: CXX_FEATURE:0cxx_user_literals
    Feature record: CXX_FEATURE:0cxx_variable_templates
    Feature record: CXX_FEATURE:0cxx_variadic_macros
    Feature record: CXX_FEATURE:0cxx_variadic_templates
